{"name": "Guest explores shore excursions destinations", "status": "broken", "statusDetails": {"message": "selenium.common.exceptions.ElementNotInteractableException: Message: element not interactable\n  (Session info: chrome=115.0.5790.171)\nStacktrace:\nBacktrace:\n\tGetHandleVerifier [0x00007FF78F374A62+57106]\n\t(No symbol) [0x00007FF78F2ECF52]\n\t(No symbol) [0x00007FF78F1BE17D]\n\t(No symbol) [0x00007FF78F1F89C7]\n\t(No symbol) [0x00007FF78F1EEE2F]\n\t(No symbol) [0x00007FF78F2169BA]\n\t(No symbol) [0x00007FF78F1EE746]\n\t(No symbol) [0x00007FF78F216BD0]\n\t(No symbol) [0x00007FF78F22E522]\n\t(No symbol) [0x00007FF78F216793]\n\t(No symbol) [0x00007FF78F1ECE81]\n\t(No symbol) [0x00007FF78F1EE064]\n\tGetHandleVerifier [0x00007FF78F624222+2873042]\n\tGetHandleVerifier [0x00007FF78F676590+3209792]\n\tGetHandleVerifier [0x00007FF78F66F3AF+3180639]\n\tGetHandleVerifier [0x00007FF78F405F25+652245]\n\t(No symbol) [0x00007FF78F2F8618]\n\t(No symbol) [0x00007FF78F2F47C4]\n\t(No symbol) [0x00007FF78F2F48BC]\n\t(No symbol) [0x00007FF78F2E4C33]\n\tBaseThreadInitThunk [0x00007FFE48A426AD+29]\n\tRtlUserThreadStart [0x00007FFE4996AA68+40]\n\n", "trace": "  File \"E:\\Gurov_SSD_256\\IT\\Testing\\Automation_08_09_2019\\ncl_qa_challenge_dt_12_12_2019\\venv\\lib\\site-packages\\behave\\model.py\", line 1329, in run\n    match.run(runner.context)\n  File \"E:\\Gurov_SSD_256\\IT\\Testing\\Automation_08_09_2019\\ncl_qa_challenge_dt_12_12_2019\\venv\\lib\\site-packages\\behave\\matchers.py\", line 98, in run\n    self.func(context, *args, **kwargs)\n  File \"features\\steps\\guest_explores_shore_excursions_destinations_steps.py\", line 6, in search_excursions\n    context.app.shore_excursions.search_destination(search_word)\n  File \"E:\\Gurov_SSD_256\\IT\\Testing\\Automation_08_09_2019\\ncl_qa_challenge_dt_12_12_2019\\pages\\shore_excursions.py\", line 25, in search_destination\n    self.click(*self.SEARCH_RESULT)\n  File \"E:\\Gurov_SSD_256\\IT\\Testing\\Automation_08_09_2019\\ncl_qa_challenge_dt_12_12_2019\\pages\\base_page.py\", line 17, in click\n    self.driver.find_element(*locator).click()\n  File \"E:\\Gurov_SSD_256\\IT\\Testing\\Automation_08_09_2019\\ncl_qa_challenge_dt_12_12_2019\\venv\\lib\\site-packages\\selenium\\webdriver\\remote\\webelement.py\", line 94, in click\n    self._execute(Command.CLICK_ELEMENT)\n  File \"E:\\Gurov_SSD_256\\IT\\Testing\\Automation_08_09_2019\\ncl_qa_challenge_dt_12_12_2019\\venv\\lib\\site-packages\\selenium\\webdriver\\remote\\webelement.py\", line 395, in _execute\n    return self._parent.execute(command, params)\n  File \"E:\\Gurov_SSD_256\\IT\\Testing\\Automation_08_09_2019\\ncl_qa_challenge_dt_12_12_2019\\venv\\lib\\site-packages\\selenium\\webdriver\\remote\\webdriver.py\", line 345, in execute\n    self.error_handler.check_response(response)\n  File \"E:\\Gurov_SSD_256\\IT\\Testing\\Automation_08_09_2019\\ncl_qa_challenge_dt_12_12_2019\\venv\\lib\\site-packages\\selenium\\webdriver\\remote\\errorhandler.py\", line 229, in check_response\n    raise exception_class(message, screen, stacktrace)\n"}, "steps": [{"name": "Given a Guest", "status": "passed", "start": 1691886295777, "stop": 1691886299454}, {"name": "And I am on Homepage", "status": "passed", "start": 1691886299454, "stop": 1691886300466}, {"name": "And I navigated to \"Shore Excursion\" page", "status": "passed", "start": 1691886300466, "stop": 1691886307314}, {"name": "When I search for destination \"Alaska Cruises\"", "status": "broken", "statusDetails": {"message": "selenium.common.exceptions.ElementNotInteractableException: Message: element not interactable\n  (Session info: chrome=115.0.5790.171)\nStacktrace:\nBacktrace:\n\tGetHandleVerifier [0x00007FF78F374A62+57106]\n\t(No symbol) [0x00007FF78F2ECF52]\n\t(No symbol) [0x00007FF78F1BE17D]\n\t(No symbol) [0x00007FF78F1F89C7]\n\t(No symbol) [0x00007FF78F1EEE2F]\n\t(No symbol) [0x00007FF78F2169BA]\n\t(No symbol) [0x00007FF78F1EE746]\n\t(No symbol) [0x00007FF78F216BD0]\n\t(No symbol) [0x00007FF78F22E522]\n\t(No symbol) [0x00007FF78F216793]\n\t(No symbol) [0x00007FF78F1ECE81]\n\t(No symbol) [0x00007FF78F1EE064]\n\tGetHandleVerifier [0x00007FF78F624222+2873042]\n\tGetHandleVerifier [0x00007FF78F676590+3209792]\n\tGetHandleVerifier [0x00007FF78F66F3AF+3180639]\n\tGetHandleVerifier [0x00007FF78F405F25+652245]\n\t(No symbol) [0x00007FF78F2F8618]\n\t(No symbol) [0x00007FF78F2F47C4]\n\t(No symbol) [0x00007FF78F2F48BC]\n\t(No symbol) [0x00007FF78F2E4C33]\n\tBaseThreadInitThunk [0x00007FFE48A426AD+29]\n\tRtlUserThreadStart [0x00007FFE4996AA68+40]\n\n", "trace": "  File \"E:\\Gurov_SSD_256\\IT\\Testing\\Automation_08_09_2019\\ncl_qa_challenge_dt_12_12_2019\\venv\\lib\\site-packages\\behave\\model.py\", line 1329, in run\n    match.run(runner.context)\n  File \"E:\\Gurov_SSD_256\\IT\\Testing\\Automation_08_09_2019\\ncl_qa_challenge_dt_12_12_2019\\venv\\lib\\site-packages\\behave\\matchers.py\", line 98, in run\n    self.func(context, *args, **kwargs)\n  File \"features\\steps\\guest_explores_shore_excursions_destinations_steps.py\", line 6, in search_excursions\n    context.app.shore_excursions.search_destination(search_word)\n  File \"E:\\Gurov_SSD_256\\IT\\Testing\\Automation_08_09_2019\\ncl_qa_challenge_dt_12_12_2019\\pages\\shore_excursions.py\", line 25, in search_destination\n    self.click(*self.SEARCH_RESULT)\n  File \"E:\\Gurov_SSD_256\\IT\\Testing\\Automation_08_09_2019\\ncl_qa_challenge_dt_12_12_2019\\pages\\base_page.py\", line 17, in click\n    self.driver.find_element(*locator).click()\n  File \"E:\\Gurov_SSD_256\\IT\\Testing\\Automation_08_09_2019\\ncl_qa_challenge_dt_12_12_2019\\venv\\lib\\site-packages\\selenium\\webdriver\\remote\\webelement.py\", line 94, in click\n    self._execute(Command.CLICK_ELEMENT)\n  File \"E:\\Gurov_SSD_256\\IT\\Testing\\Automation_08_09_2019\\ncl_qa_challenge_dt_12_12_2019\\venv\\lib\\site-packages\\selenium\\webdriver\\remote\\webelement.py\", line 395, in _execute\n    return self._parent.execute(command, params)\n  File \"E:\\Gurov_SSD_256\\IT\\Testing\\Automation_08_09_2019\\ncl_qa_challenge_dt_12_12_2019\\venv\\lib\\site-packages\\selenium\\webdriver\\remote\\webdriver.py\", line 345, in execute\n    self.error_handler.check_response(response)\n  File \"E:\\Gurov_SSD_256\\IT\\Testing\\Automation_08_09_2019\\ncl_qa_challenge_dt_12_12_2019\\venv\\lib\\site-packages\\selenium\\webdriver\\remote\\errorhandler.py\", line 229, in check_response\n    raise exception_class(message, screen, stacktrace)\n"}, "start": 1691886307314, "stop": 1691886315101}, {"name": "Then Shore Excursions page is present", "status": "skipped", "start": 1691886318139, "stop": 1691886318139}, {"name": "And Results are filtered by \"Alaska Cruises\"", "status": "skipped", "start": 1691886318139, "stop": 1691886318139}, {"name": "And Filter By Ports are only belong to \"California, Japan, Washington, Russia, Alaska, British Columbia\"", "status": "skipped", "start": 1691886318139, "stop": 1691886318139}], "start": 1691886294207, "stop": 1691886318139, "uuid": "3b732ff2-efe7-490b-805a-cc3e1c068c5c", "historyId": "14ee85e4e913f5749b86250e90ad6bcf", "fullName": "Guest explores shore excursions destinations: Guest explores shore excursions destinations", "labels": [{"name": "severity", "value": "normal"}, {"name": "feature", "value": "Guest explores shore excursions destinations"}, {"name": "framework", "value": "behave"}, {"name": "language", "value": "cpython3"}]}