{"name": "Guest explores Ports of Departure", "status": "broken", "statusDetails": {"message": "selenium.common.exceptions.NoSuchElementException: Message: no such element: Unable to locate element: {\"method\":\"css selector\",\"selector\":\"[id=\"searchbar\"]\"}\n  (Session info: chrome=88.0.4324.190)\n\n", "trace": "  File \"c:\\everything\\it\\testing\\automation_08_09_2019\\ncl_qa_challenge_dt_12_12_2019\\venv\\lib\\site-packages\\behave\\model.py\", line 1329, in run\n    match.run(runner.context)\n  File \"c:\\everything\\it\\testing\\automation_08_09_2019\\ncl_qa_challenge_dt_12_12_2019\\venv\\lib\\site-packages\\behave\\matchers.py\", line 98, in run\n    self.func(context, *args, **kwargs)\n  File \"features\\steps\\guest_explore_ports_steps.py\", line 18, in search_port\n    context.app.port_of_call_page.search_port(port_city)\n  File \"C:\\Everything\\IT\\Testing\\Automation_08_09_2019\\ncl_qa_challenge_dt_12_12_2019\\pages\\port_of_call.py\", line 18, in search_port\n    self.input_text(port_name, *self.SEARCH_BAR)\n  File \"C:\\Everything\\IT\\Testing\\Automation_08_09_2019\\ncl_qa_challenge_dt_12_12_2019\\pages\\base_page.py\", line 27, in input_text\n    e = self.driver.find_element(*locator)\n  File \"c:\\everything\\it\\testing\\automation_08_09_2019\\ncl_qa_challenge_dt_12_12_2019\\venv\\lib\\site-packages\\selenium\\webdriver\\remote\\webdriver.py\", line 976, in find_element\n    return self.execute(Command.FIND_ELEMENT, {\n  File \"c:\\everything\\it\\testing\\automation_08_09_2019\\ncl_qa_challenge_dt_12_12_2019\\venv\\lib\\site-packages\\selenium\\webdriver\\remote\\webdriver.py\", line 321, in execute\n    self.error_handler.check_response(response)\n  File \"c:\\everything\\it\\testing\\automation_08_09_2019\\ncl_qa_challenge_dt_12_12_2019\\venv\\lib\\site-packages\\selenium\\webdriver\\remote\\errorhandler.py\", line 242, in check_response\n    raise exception_class(message, screen, stacktrace)\n"}, "steps": [{"name": "Given a Guest", "status": "passed", "start": 1614364461264, "stop": 1614364466849}, {"name": "And I am on Homepage", "status": "passed", "start": 1614364466850, "stop": 1614364471639}, {"name": "And I navigated to \"Ports\" page", "status": "passed", "start": 1614364471640, "stop": 1614364472585}, {"name": "When I search for \"Honolulu\" port", "status": "broken", "statusDetails": {"message": "selenium.common.exceptions.NoSuchElementException: Message: no such element: Unable to locate element: {\"method\":\"css selector\",\"selector\":\"[id=\"searchbar\"]\"}\n  (Session info: chrome=88.0.4324.190)\n\n", "trace": "  File \"c:\\everything\\it\\testing\\automation_08_09_2019\\ncl_qa_challenge_dt_12_12_2019\\venv\\lib\\site-packages\\behave\\model.py\", line 1329, in run\n    match.run(runner.context)\n  File \"c:\\everything\\it\\testing\\automation_08_09_2019\\ncl_qa_challenge_dt_12_12_2019\\venv\\lib\\site-packages\\behave\\matchers.py\", line 98, in run\n    self.func(context, *args, **kwargs)\n  File \"features\\steps\\guest_explore_ports_steps.py\", line 18, in search_port\n    context.app.port_of_call_page.search_port(port_city)\n  File \"C:\\Everything\\IT\\Testing\\Automation_08_09_2019\\ncl_qa_challenge_dt_12_12_2019\\pages\\port_of_call.py\", line 18, in search_port\n    self.input_text(port_name, *self.SEARCH_BAR)\n  File \"C:\\Everything\\IT\\Testing\\Automation_08_09_2019\\ncl_qa_challenge_dt_12_12_2019\\pages\\base_page.py\", line 27, in input_text\n    e = self.driver.find_element(*locator)\n  File \"c:\\everything\\it\\testing\\automation_08_09_2019\\ncl_qa_challenge_dt_12_12_2019\\venv\\lib\\site-packages\\selenium\\webdriver\\remote\\webdriver.py\", line 976, in find_element\n    return self.execute(Command.FIND_ELEMENT, {\n  File \"c:\\everything\\it\\testing\\automation_08_09_2019\\ncl_qa_challenge_dt_12_12_2019\\venv\\lib\\site-packages\\selenium\\webdriver\\remote\\webdriver.py\", line 321, in execute\n    self.error_handler.check_response(response)\n  File \"c:\\everything\\it\\testing\\automation_08_09_2019\\ncl_qa_challenge_dt_12_12_2019\\venv\\lib\\site-packages\\selenium\\webdriver\\remote\\errorhandler.py\", line 242, in check_response\n    raise exception_class(message, screen, stacktrace)\n"}, "start": 1614364472586, "stop": 1614364476623}, {"name": "Then Map zoomed to show selected port", "status": "skipped", "start": 1614364479458, "stop": 1614364479458}, {"name": "And Port is on the middle of the map", "status": "skipped", "start": 1614364479458, "stop": 1614364479458}, {"name": "And Port displayed as \"Port Of Departure\"", "status": "skipped", "start": 1614364479458, "stop": 1614364479458}], "start": 1614364460018, "stop": 1614364479458, "uuid": "2c2edb6a-b1cd-4cc9-9099-fe9d691d373e", "historyId": "ce3be5c05a6ec998e99599a81305feef", "fullName": "Guest explore Ports of Departure: Guest explores Ports of Departure", "labels": [{"name": "severity", "value": "normal"}, {"name": "feature", "value": "Guest explore Ports of Departure"}, {"name": "framework", "value": "behave"}, {"name": "language", "value": "cpython3"}]}