{"name": "Guest explores Ports of Departure", "status": "broken", "statusDetails": {"message": "selenium.common.exceptions.ElementClickInterceptedException: Message: element click intercepted: Element <button onclick=\"NCL.findExcursions_onClick.call(this, '/shore-excursions/search')\" class=\"btn-cta btn-primary btn-large search-submit\" type=\"submit\">...</button> is not clickable at point (631, 165). Other element would receive the click: <h1 class=\"header-title\">...</h1>\n  (Session info: chrome=78.0.3904.108)\n\n", "trace": "  File \"c:\\users\\rapid\\appdata\\local\\programs\\python\\python38-32\\lib\\site-packages\\behave\\model.py\", line 1329, in run\n    match.run(runner.context)\n  File \"c:\\users\\rapid\\appdata\\local\\programs\\python\\python38-32\\lib\\site-packages\\behave\\matchers.py\", line 98, in run\n    self.func(context, *args, **kwargs)\n  File \"features\\steps\\guest_explores_ports_of_departure_steps.py\", line 17, in nav_excursions\n    context.app.shore_excursions.click_find_excursions()\n  File \"C:\\Everything\\My_docs\\Self_development\\IT\\Testing\\Automation_08_09_2019\\ncl_qa_challenge_dt_12_12_2019\\pages\\shore_excursions.py\", line 11, in click_find_excursions\n    self.wait_for_element_click(*self.NAV_EXCURSIONS)\n  File \"C:\\Everything\\My_docs\\Self_development\\IT\\Testing\\Automation_08_09_2019\\ncl_qa_challenge_dt_12_12_2019\\pages\\base_page.py\", line 36, in wait_for_element_click\n    e.click()\n  File \"c:\\users\\rapid\\appdata\\local\\programs\\python\\python38-32\\lib\\site-packages\\selenium\\webdriver\\remote\\webelement.py\", line 80, in click\n    self._execute(Command.CLICK_ELEMENT)\n  File \"c:\\users\\rapid\\appdata\\local\\programs\\python\\python38-32\\lib\\site-packages\\selenium\\webdriver\\remote\\webelement.py\", line 633, in _execute\n    return self._parent.execute(command, params)\n  File \"c:\\users\\rapid\\appdata\\local\\programs\\python\\python38-32\\lib\\site-packages\\selenium\\webdriver\\remote\\webdriver.py\", line 321, in execute\n    self.error_handler.check_response(response)\n  File \"c:\\users\\rapid\\appdata\\local\\programs\\python\\python38-32\\lib\\site-packages\\selenium\\webdriver\\remote\\errorhandler.py\", line 242, in check_response\n    raise exception_class(message, screen, stacktrace)\n"}, "steps": [{"name": "Given a Guest", "status": "passed", "start": 1578162891048, "stop": 1578162899133}, {"name": "And I am on Homepage", "status": "passed", "start": 1578162899134, "stop": 1578162903348}, {"name": "And I navigated to \"Shore Excursion\" page", "status": "passed", "start": 1578162903348, "stop": 1578162904657}, {"name": "And I click Find Excursions", "status": "broken", "statusDetails": {"message": "selenium.common.exceptions.ElementClickInterceptedException: Message: element click intercepted: Element <button onclick=\"NCL.findExcursions_onClick.call(this, '/shore-excursions/search')\" class=\"btn-cta btn-primary btn-large search-submit\" type=\"submit\">...</button> is not clickable at point (631, 165). Other element would receive the click: <h1 class=\"header-title\">...</h1>\n  (Session info: chrome=78.0.3904.108)\n\n", "trace": "  File \"c:\\users\\rapid\\appdata\\local\\programs\\python\\python38-32\\lib\\site-packages\\behave\\model.py\", line 1329, in run\n    match.run(runner.context)\n  File \"c:\\users\\rapid\\appdata\\local\\programs\\python\\python38-32\\lib\\site-packages\\behave\\matchers.py\", line 98, in run\n    self.func(context, *args, **kwargs)\n  File \"features\\steps\\guest_explores_ports_of_departure_steps.py\", line 17, in nav_excursions\n    context.app.shore_excursions.click_find_excursions()\n  File \"C:\\Everything\\My_docs\\Self_development\\IT\\Testing\\Automation_08_09_2019\\ncl_qa_challenge_dt_12_12_2019\\pages\\shore_excursions.py\", line 11, in click_find_excursions\n    self.wait_for_element_click(*self.NAV_EXCURSIONS)\n  File \"C:\\Everything\\My_docs\\Self_development\\IT\\Testing\\Automation_08_09_2019\\ncl_qa_challenge_dt_12_12_2019\\pages\\base_page.py\", line 36, in wait_for_element_click\n    e.click()\n  File \"c:\\users\\rapid\\appdata\\local\\programs\\python\\python38-32\\lib\\site-packages\\selenium\\webdriver\\remote\\webelement.py\", line 80, in click\n    self._execute(Command.CLICK_ELEMENT)\n  File \"c:\\users\\rapid\\appdata\\local\\programs\\python\\python38-32\\lib\\site-packages\\selenium\\webdriver\\remote\\webelement.py\", line 633, in _execute\n    return self._parent.execute(command, params)\n  File \"c:\\users\\rapid\\appdata\\local\\programs\\python\\python38-32\\lib\\site-packages\\selenium\\webdriver\\remote\\webdriver.py\", line 321, in execute\n    self.error_handler.check_response(response)\n  File \"c:\\users\\rapid\\appdata\\local\\programs\\python\\python38-32\\lib\\site-packages\\selenium\\webdriver\\remote\\errorhandler.py\", line 242, in check_response\n    raise exception_class(message, screen, stacktrace)\n"}, "start": 1578162904657, "stop": 1578162907329}, {"name": "And Shore Excursions page is present", "status": "skipped", "start": 1578162909987, "stop": 1578162909987}, {"name": "When Price range is filtered to \"$0-$30\"", "status": "skipped", "start": 1578162909987, "stop": 1578162909987}, {"name": "Then Only shore excursions within range are displayed", "status": "skipped", "start": 1578162909987, "stop": 1578162909987}], "start": 1578162881888, "stop": 1578162909987, "uuid": "6d6a8834-5d34-476a-9b21-82f24fafb4ff", "historyId": "09a233c8d3c68a913f2ebf0108199951", "labels": [{"name": "severity", "value": "normal"}, {"name": "feature", "value": "Guest explores Ports of Departure"}, {"name": "framework", "value": "behave"}, {"name": "language", "value": "cpython3"}]}