{"name": "Guest explores Ports of Departure", "status": "broken", "statusDetails": {"message": "selenium.common.exceptions.NoSuchElementException: Message: no such element: Unable to locate element: {\"method\":\"xpath\",\"selector\":\"//div[contains(@style,'position: absolute; left: 50%; top: 50%; width: 100%;')]//img[contains(@src, 'pin')]\"}\n  (Session info: chrome=88.0.4324.190)\n\n", "trace": "  File \"c:\\everything\\it\\testing\\automation_08_09_2019\\ncl_qa_challenge_dt_12_12_2019\\venv\\lib\\site-packages\\behave\\model.py\", line 1329, in run\n    match.run(runner.context)\n  File \"c:\\everything\\it\\testing\\automation_08_09_2019\\ncl_qa_challenge_dt_12_12_2019\\venv\\lib\\site-packages\\behave\\matchers.py\", line 98, in run\n    self.func(context, *args, **kwargs)\n  File \"features\\steps\\guest_explore_ports_steps.py\", line 29, in verify_port_in_middle\n    context.app.port_of_call_page.verify_port_in_middle()\n  File \"C:\\Everything\\IT\\Testing\\Automation_08_09_2019\\ncl_qa_challenge_dt_12_12_2019\\pages\\port_of_call.py\", line 35, in verify_port_in_middle\n    assert expected_substring in self.find_element(*self.PIN).get_attribute('style'), \\\n  File \"C:\\Everything\\IT\\Testing\\Automation_08_09_2019\\ncl_qa_challenge_dt_12_12_2019\\pages\\base_page.py\", line 32, in find_element\n    return self.driver.find_element(*locator)\n  File \"c:\\everything\\it\\testing\\automation_08_09_2019\\ncl_qa_challenge_dt_12_12_2019\\venv\\lib\\site-packages\\selenium\\webdriver\\remote\\webdriver.py\", line 976, in find_element\n    return self.execute(Command.FIND_ELEMENT, {\n  File \"c:\\everything\\it\\testing\\automation_08_09_2019\\ncl_qa_challenge_dt_12_12_2019\\venv\\lib\\site-packages\\selenium\\webdriver\\remote\\webdriver.py\", line 321, in execute\n    self.error_handler.check_response(response)\n  File \"c:\\everything\\it\\testing\\automation_08_09_2019\\ncl_qa_challenge_dt_12_12_2019\\venv\\lib\\site-packages\\selenium\\webdriver\\remote\\errorhandler.py\", line 242, in check_response\n    raise exception_class(message, screen, stacktrace)\n"}, "steps": [{"name": "Given a Guest", "status": "passed", "start": 1614354212937, "stop": 1614354220890}, {"name": "And I am on Homepage", "status": "passed", "start": 1614354220891, "stop": 1614354224281}, {"name": "And I navigated to \"Ports\" page", "status": "passed", "start": 1614354224282, "stop": 1614354230080}, {"name": "When I search for \"Honolulu\" port", "status": "passed", "start": 1614354230081, "stop": 1614354230757}, {"name": "Then Map zoomed to show selected port", "status": "passed", "start": 1614354230757, "stop": 1614354231720}, {"name": "And Port is on the middle of the map", "status": "broken", "statusDetails": {"message": "selenium.common.exceptions.NoSuchElementException: Message: no such element: Unable to locate element: {\"method\":\"xpath\",\"selector\":\"//div[contains(@style,'position: absolute; left: 50%; top: 50%; width: 100%;')]//img[contains(@src, 'pin')]\"}\n  (Session info: chrome=88.0.4324.190)\n\n", "trace": "  File \"c:\\everything\\it\\testing\\automation_08_09_2019\\ncl_qa_challenge_dt_12_12_2019\\venv\\lib\\site-packages\\behave\\model.py\", line 1329, in run\n    match.run(runner.context)\n  File \"c:\\everything\\it\\testing\\automation_08_09_2019\\ncl_qa_challenge_dt_12_12_2019\\venv\\lib\\site-packages\\behave\\matchers.py\", line 98, in run\n    self.func(context, *args, **kwargs)\n  File \"features\\steps\\guest_explore_ports_steps.py\", line 29, in verify_port_in_middle\n    context.app.port_of_call_page.verify_port_in_middle()\n  File \"C:\\Everything\\IT\\Testing\\Automation_08_09_2019\\ncl_qa_challenge_dt_12_12_2019\\pages\\port_of_call.py\", line 35, in verify_port_in_middle\n    assert expected_substring in self.find_element(*self.PIN).get_attribute('style'), \\\n  File \"C:\\Everything\\IT\\Testing\\Automation_08_09_2019\\ncl_qa_challenge_dt_12_12_2019\\pages\\base_page.py\", line 32, in find_element\n    return self.driver.find_element(*locator)\n  File \"c:\\everything\\it\\testing\\automation_08_09_2019\\ncl_qa_challenge_dt_12_12_2019\\venv\\lib\\site-packages\\selenium\\webdriver\\remote\\webdriver.py\", line 976, in find_element\n    return self.execute(Command.FIND_ELEMENT, {\n  File \"c:\\everything\\it\\testing\\automation_08_09_2019\\ncl_qa_challenge_dt_12_12_2019\\venv\\lib\\site-packages\\selenium\\webdriver\\remote\\webdriver.py\", line 321, in execute\n    self.error_handler.check_response(response)\n  File \"c:\\everything\\it\\testing\\automation_08_09_2019\\ncl_qa_challenge_dt_12_12_2019\\venv\\lib\\site-packages\\selenium\\webdriver\\remote\\errorhandler.py\", line 242, in check_response\n    raise exception_class(message, screen, stacktrace)\n"}, "start": 1614354231721, "stop": 1614354239779}, {"name": "And Port displayed as \"Port Of Departure\"", "status": "skipped", "start": 1614354242738, "stop": 1614354242738}], "start": 1614354211614, "stop": 1614354242738, "uuid": "3b5ec43e-dbe7-4555-8b5a-f79dbab76c46", "historyId": "ce3be5c05a6ec998e99599a81305feef", "fullName": "Guest explore Ports of Departure: Guest explores Ports of Departure", "labels": [{"name": "severity", "value": "normal"}, {"name": "feature", "value": "Guest explore Ports of Departure"}, {"name": "framework", "value": "behave"}, {"name": "language", "value": "cpython3"}]}