{"name": "Guest explores shore excursions destinations", "status": "broken", "statusDetails": {"message": "selenium.common.exceptions.ElementNotInteractableException: Message: element not interactable\n  (Session info: chrome=90.0.4430.93)\n\n", "trace": "  File \"c:\\everything\\it\\testing\\automation_08_09_2019\\ncl_qa_challenge_dt_12_12_2019\\venv\\lib\\site-packages\\behave\\model.py\", line 1329, in run\n    match.run(runner.context)\n  File \"c:\\everything\\it\\testing\\automation_08_09_2019\\ncl_qa_challenge_dt_12_12_2019\\venv\\lib\\site-packages\\behave\\matchers.py\", line 98, in run\n    self.func(context, *args, **kwargs)\n  File \"features\\steps\\guest_explores_shore_excursions_destinations_steps.py\", line 6, in search_excursions\n    context.app.shore_excursions.search_destination(search_word)\n  File \"C:\\Everything\\IT\\Testing\\Automation_08_09_2019\\ncl_qa_challenge_dt_12_12_2019\\pages\\shore_excursions.py\", line 25, in search_destination\n    self.click(*self.SEARCH_RESULT)\n  File \"C:\\Everything\\IT\\Testing\\Automation_08_09_2019\\ncl_qa_challenge_dt_12_12_2019\\pages\\base_page.py\", line 17, in click\n    self.driver.find_element(*locator).click()\n  File \"c:\\everything\\it\\testing\\automation_08_09_2019\\ncl_qa_challenge_dt_12_12_2019\\venv\\lib\\site-packages\\selenium\\webdriver\\remote\\webelement.py\", line 80, in click\n    self._execute(Command.CLICK_ELEMENT)\n  File \"c:\\everything\\it\\testing\\automation_08_09_2019\\ncl_qa_challenge_dt_12_12_2019\\venv\\lib\\site-packages\\selenium\\webdriver\\remote\\webelement.py\", line 633, in _execute\n    return self._parent.execute(command, params)\n  File \"c:\\everything\\it\\testing\\automation_08_09_2019\\ncl_qa_challenge_dt_12_12_2019\\venv\\lib\\site-packages\\selenium\\webdriver\\remote\\webdriver.py\", line 321, in execute\n    self.error_handler.check_response(response)\n  File \"c:\\everything\\it\\testing\\automation_08_09_2019\\ncl_qa_challenge_dt_12_12_2019\\venv\\lib\\site-packages\\selenium\\webdriver\\remote\\errorhandler.py\", line 242, in check_response\n    raise exception_class(message, screen, stacktrace)\n"}, "steps": [{"name": "Given a Guest", "status": "passed", "start": 1620347729347, "stop": 1620347733484}, {"name": "And I am on Homepage", "status": "passed", "start": 1620347733484, "stop": 1620347736911}, {"name": "And I navigated to \"Shore Excursion\" page", "status": "passed", "start": 1620347736911, "stop": 1620347740180}, {"name": "When I search for destination \"Alaska Cruises\"", "status": "broken", "statusDetails": {"message": "selenium.common.exceptions.ElementNotInteractableException: Message: element not interactable\n  (Session info: chrome=90.0.4430.93)\n\n", "trace": "  File \"c:\\everything\\it\\testing\\automation_08_09_2019\\ncl_qa_challenge_dt_12_12_2019\\venv\\lib\\site-packages\\behave\\model.py\", line 1329, in run\n    match.run(runner.context)\n  File \"c:\\everything\\it\\testing\\automation_08_09_2019\\ncl_qa_challenge_dt_12_12_2019\\venv\\lib\\site-packages\\behave\\matchers.py\", line 98, in run\n    self.func(context, *args, **kwargs)\n  File \"features\\steps\\guest_explores_shore_excursions_destinations_steps.py\", line 6, in search_excursions\n    context.app.shore_excursions.search_destination(search_word)\n  File \"C:\\Everything\\IT\\Testing\\Automation_08_09_2019\\ncl_qa_challenge_dt_12_12_2019\\pages\\shore_excursions.py\", line 25, in search_destination\n    self.click(*self.SEARCH_RESULT)\n  File \"C:\\Everything\\IT\\Testing\\Automation_08_09_2019\\ncl_qa_challenge_dt_12_12_2019\\pages\\base_page.py\", line 17, in click\n    self.driver.find_element(*locator).click()\n  File \"c:\\everything\\it\\testing\\automation_08_09_2019\\ncl_qa_challenge_dt_12_12_2019\\venv\\lib\\site-packages\\selenium\\webdriver\\remote\\webelement.py\", line 80, in click\n    self._execute(Command.CLICK_ELEMENT)\n  File \"c:\\everything\\it\\testing\\automation_08_09_2019\\ncl_qa_challenge_dt_12_12_2019\\venv\\lib\\site-packages\\selenium\\webdriver\\remote\\webelement.py\", line 633, in _execute\n    return self._parent.execute(command, params)\n  File \"c:\\everything\\it\\testing\\automation_08_09_2019\\ncl_qa_challenge_dt_12_12_2019\\venv\\lib\\site-packages\\selenium\\webdriver\\remote\\webdriver.py\", line 321, in execute\n    self.error_handler.check_response(response)\n  File \"c:\\everything\\it\\testing\\automation_08_09_2019\\ncl_qa_challenge_dt_12_12_2019\\venv\\lib\\site-packages\\selenium\\webdriver\\remote\\errorhandler.py\", line 242, in check_response\n    raise exception_class(message, screen, stacktrace)\n"}, "start": 1620347740180, "stop": 1620347747564}, {"name": "Then Shore Excursions page is present", "status": "skipped", "start": 1620347749919, "stop": 1620347749919}, {"name": "And Results are filtered by \"Alaska Cruises\"", "status": "skipped", "start": 1620347749919, "stop": 1620347749919}, {"name": "And Filter By Ports are only belong to \"California, Japan, Washington, Russia, Alaska, British Columbia\"", "status": "skipped", "start": 1620347749919, "stop": 1620347749919}], "start": 1620347728033, "stop": 1620347749919, "uuid": "1705b141-8892-4fea-b49a-80456cb56855", "historyId": "14ee85e4e913f5749b86250e90ad6bcf", "fullName": "Guest explores shore excursions destinations: Guest explores shore excursions destinations", "labels": [{"name": "severity", "value": "normal"}, {"name": "feature", "value": "Guest explores shore excursions destinations"}, {"name": "framework", "value": "behave"}, {"name": "language", "value": "cpython3"}]}